rm -fr *.o *~
rm -fr softmax_auto softmax_avx softmax_plain
----------- running K = 1
g++ -std=c++17 -I. -I./include -Wall  -march=native -funroll-loops -ffast-math -O3 -o softmax_auto softmax_auto.cpp 
g++ -std=c++17 -I. -I./include -Wall  -march=native -funroll-loops -ffast-math -O3 -o softmax_avx softmax_avx.cpp 
g++ -std=c++17 -I. -I./include -Wall  -O3 -o softmax_plain softmax_plain.cpp 
./softmax_plain 1
# elapsed time (softime_plain): 9.06e-06s
./softmax_auto 1 
# elapsed time (softime_auto): 6.621e-06s
./softmax_avx 1 
# elapsed time (softime_avx): 4.576e-06s
----------- running K = 10
./softmax_plain 10
# elapsed time (softime_plain): 6.194e-06s
./softmax_auto 10 
# elapsed time (softime_auto): 1.1551e-05s
./softmax_avx 10 
# elapsed time (softime_avx): 7.265e-06s
----------- running K = 100
./softmax_plain 100
# elapsed time (softime_plain): 5.676e-06s
./softmax_auto 100 
# elapsed time (softime_auto): 6.623e-06s
./softmax_avx 100 
# elapsed time (softime_avx): 5.483e-06s
----------- running K = 1000
./softmax_plain 1000
# elapsed time (softime_plain): 1.5022e-05s
./softmax_auto 1000 
# elapsed time (softime_auto): 1.054e-05s
./softmax_avx 1000 
# elapsed time (softime_avx): 5.114e-06s
----------- running K = 10000
./softmax_plain 10000
# elapsed time (softime_plain): 0.000107354s
./softmax_auto 10000 
# elapsed time (softime_auto): 4.3801e-05s
./softmax_avx 10000 
# elapsed time (softime_avx): 3.2603e-05s
----------- running K = 100000
./softmax_plain 100000
# elapsed time (softime_plain): 0.00112547s
./softmax_auto 100000 
# elapsed time (softime_auto): 0.00036549s
./softmax_avx 100000 
# elapsed time (softime_avx): 0.000304978s
----------- running K = 1000000
./softmax_plain 1000000
# elapsed time (softime_plain): 0.0109721s
./softmax_auto 1000000 
# elapsed time (softime_auto): 0.00374506s
./softmax_avx 1000000 
# elapsed time (softime_avx): 0.00289061s
----------- running K = 10000000
./softmax_plain 10000000
# elapsed time (softime_plain): 0.105555s
./softmax_auto 10000000 
# elapsed time (softime_auto): 0.0389606s
./softmax_avx 10000000 
# elapsed time (softime_avx): 0.0305726s
----------- running K = 100000000
./softmax_plain 100000000
# elapsed time (softime_plain): 1.04706s
./softmax_auto 100000000 
# elapsed time (softime_auto): 0.400217s
./softmax_avx 100000000 
# elapsed time (softime_avx): 0.312317s
----------- running K = 1000000000
./softmax_plain 1000000000
# elapsed time (softime_plain): 10.4704s
./softmax_auto 1000000000 
# elapsed time (softime_auto): 3.88255s
./softmax_avx 1000000000 
# elapsed time (softime_avx): 3.08918s
----------- running K = 10000000000
./softmax_plain 10000000000
# elapsed time (softime_plain): 108.149s
./softmax_auto 10000000000 
# elapsed time (softime_auto): 39.9907s
./softmax_avx 10000000000 
# elapsed time (softime_avx): 32.1031s
rm -fr *.o *~
rm -fr softmax_auto softmax_avx softmax_plain
