rm -fr *.o *~
rm -fr softmax_auto softmax_avx softmax_plain
----------- running K = 1
g++ -std=c++17 -I. -I./include -Wall  -march=native -funroll-loops -ffast-math -O3 -o softmax_auto softmax_auto.cpp 
g++ -std=c++17 -I. -I./include -Wall  -march=native -funroll-loops -ffast-math -O3 -o softmax_avx softmax_avx.cpp 
g++ -std=c++17 -I. -I./include -Wall  -O3 -o softmax_plain softmax_plain.cpp 
./softmax_plain 1
# elapsed time (softime_plain): 8.762e-06s
./softmax_auto 1 
# elapsed time (softime_auto): 6.319e-06s
./softmax_avx 1 
# elapsed time (softime_avx): 5.124e-06s
----------- running K = 10
./softmax_plain 10
# elapsed time (softime_plain): 5.094e-06s
./softmax_auto 10 
# elapsed time (softime_auto): 9.914e-06s
./softmax_avx 10 
# elapsed time (softime_avx): 7.754e-06s
----------- running K = 100
./softmax_plain 100
# elapsed time (softime_plain): 5.508e-06s
./softmax_auto 100 
# elapsed time (softime_auto): 5.185e-06s
./softmax_avx 100 
# elapsed time (softime_avx): 6.076e-06s
----------- running K = 1000
./softmax_plain 1000
# elapsed time (softime_plain): 1.4899e-05s
./softmax_auto 1000 
# elapsed time (softime_auto): 1.3084e-05s
./softmax_avx 1000 
# elapsed time (softime_avx): 5.227e-06s
----------- running K = 10000
./softmax_plain 10000
# elapsed time (softime_plain): 0.000106983s
./softmax_auto 10000 
# elapsed time (softime_auto): 3.9376e-05s
./softmax_avx 10000 
# elapsed time (softime_avx): 2.822e-05s
----------- running K = 100000
./softmax_plain 100000
# elapsed time (softime_plain): 0.00110235s
./softmax_auto 100000 
# elapsed time (softime_auto): 0.000350017s
./softmax_avx 100000 
# elapsed time (softime_avx): 0.00032898s
----------- running K = 1000000
./softmax_plain 1000000
# elapsed time (softime_plain): 0.0110106s
./softmax_auto 1000000 
# elapsed time (softime_auto): 0.00363349s
./softmax_avx 1000000 
# elapsed time (softime_avx): 0.00273309s
----------- running K = 10000000
./softmax_plain 10000000
# elapsed time (softime_plain): 0.105755s
./softmax_auto 10000000 
# elapsed time (softime_auto): 0.0391941s
./softmax_avx 10000000 
# elapsed time (softime_avx): 0.0305728s
----------- running K = 100000000
./softmax_plain 100000000
# elapsed time (softime_plain): 1.04803s
./softmax_auto 100000000 
# elapsed time (softime_auto): 0.387786s
./softmax_avx 100000000 
# elapsed time (softime_avx): 0.311757s
----------- running K = 1000000000
./softmax_plain 1000000000
# elapsed time (softime_plain): 10.4739s
./softmax_auto 1000000000 
# elapsed time (softime_auto): 3.85292s
./softmax_avx 1000000000 
# elapsed time (softime_avx): 3.09104s
----------- running K = 10000000000
./softmax_plain 10000000000
# elapsed time (softime_plain): 107.84s
./softmax_auto 10000000000 
# elapsed time (softime_auto): 39.7002s
./softmax_avx 10000000000 
# elapsed time (softime_avx): 31.9125s
rm -fr *.o *~
rm -fr softmax_auto softmax_avx softmax_plain
