rm -fr *.o *~
rm -fr softmax_auto softmax_avx softmax_plain
----------- running K = 1
g++ -std=c++17 -I. -I./include -Wall  -march=native  -O3 -o softmax_auto softmax_auto.cpp 
g++ -std=c++17 -I. -I./include -Wall  -march=native -funroll-loops -O3 -o softmax_avx softmax_avx.cpp 
g++ -std=c++17 -I. -I./include -Wall  -O3 -o softmax_plain softmax_plain.cpp 
./softmax_plain 1
# elapsed time (softime_plain): 1.0724e-05s
./softmax_auto 1 
# elapsed time (softime_auto): 7.117e-06s
./softmax_avx 1 
# elapsed time (softime_avx): 5.143e-06s
----------- running K = 10
./softmax_plain 10
# elapsed time (softime_plain): 5.507e-06s
./softmax_auto 10 
# elapsed time (softime_auto): 6.936e-06s
./softmax_avx 10 
# elapsed time (softime_avx): 8.809e-06s
----------- running K = 100
./softmax_plain 100
# elapsed time (softime_plain): 5.592e-06s
./softmax_auto 100 
# elapsed time (softime_auto): 6.86e-06s
./softmax_avx 100 
# elapsed time (softime_avx): 7.526e-06s
----------- running K = 1000
./softmax_plain 1000
# elapsed time (softime_plain): 1.4838e-05s
./softmax_auto 1000 
# elapsed time (softime_auto): 1.5769e-05s
./softmax_avx 1000 
# elapsed time (softime_avx): 5.531e-06s
----------- running K = 10000
./softmax_plain 10000
# elapsed time (softime_plain): 0.000107787s
./softmax_auto 10000 
# elapsed time (softime_auto): 9.7608e-05s
./softmax_avx 10000 
# elapsed time (softime_avx): 3.3853e-05s
----------- running K = 100000
./softmax_plain 100000
# elapsed time (softime_plain): 0.00110034s
./softmax_auto 100000 
# elapsed time (softime_auto): 0.000979425s
./softmax_avx 100000 
# elapsed time (softime_avx): 0.000325948s
----------- running K = 1000000
./softmax_plain 1000000
# elapsed time (softime_plain): 0.0109694s
./softmax_auto 1000000 
# elapsed time (softime_auto): 0.00948273s
./softmax_avx 1000000 
# elapsed time (softime_avx): 0.00337525s
----------- running K = 10000000
./softmax_plain 10000000
# elapsed time (softime_plain): 0.106414s
./softmax_auto 10000000 
# elapsed time (softime_auto): 0.0923744s
./softmax_avx 10000000 
# elapsed time (softime_avx): 0.0351356s
----------- running K = 100000000
./softmax_plain 100000000
# elapsed time (softime_plain): 1.04855s
./softmax_auto 100000000 
# elapsed time (softime_auto): 0.925658s
./softmax_avx 100000000 
# elapsed time (softime_avx): 0.346194s
----------- running K = 1000000000
./softmax_plain 1000000000
# elapsed time (softime_plain): 10.4814s
./softmax_auto 1000000000 
# elapsed time (softime_auto): 9.27052s
./softmax_avx 1000000000 
# elapsed time (softime_avx): 3.55372s
----------- running K = 10000000000
./softmax_plain 10000000000
# elapsed time (softime_plain): 108.865s
./softmax_auto 10000000000 
# elapsed time (softime_auto): 98.7822s
./softmax_avx 10000000000 
# elapsed time (softime_avx): 35.9989s
rm -fr *.o *~
rm -fr softmax_auto softmax_avx softmax_plain
