rm -fr *.o *~
rm -fr softmax_auto softmax_avx softmax_plain
----------- running K = 1
g++ -std=c++17 -I. -I./include -Wall  -march=native -ffast-math -O3 -o softmax_auto softmax_auto.cpp 
g++ -std=c++17 -I. -I./include -Wall  -march=native -ffast-math -O3 -o softmax_avx softmax_avx.cpp 
g++ -std=c++17 -I. -I./include -Wall  -O3 -o softmax_plain softmax_plain.cpp 
./softmax_plain 1
# elapsed time (softime_plain): 1.8668e-05s
./softmax_auto 1 
# elapsed time (softime_auto): 5.133e-06s
./softmax_avx 1 
# elapsed time (softime_avx): 5.335e-06s
----------- running K = 10
./softmax_plain 10
# elapsed time (softime_plain): 4.582e-06s
./softmax_auto 10 
# elapsed time (softime_auto): 9.024e-06s
./softmax_avx 10 
# elapsed time (softime_avx): 6.763e-06s
----------- running K = 100
./softmax_plain 100
# elapsed time (softime_plain): 5.437e-06s
./softmax_auto 100 
# elapsed time (softime_auto): 5.211e-06s
./softmax_avx 100 
# elapsed time (softime_avx): 5.449e-06s
----------- running K = 1000
./softmax_plain 1000
# elapsed time (softime_plain): 1.4594e-05s
./softmax_auto 1000 
# elapsed time (softime_auto): 1.3743e-05s
./softmax_avx 1000 
# elapsed time (softime_avx): 5.228e-06s
----------- running K = 10000
./softmax_plain 10000
# elapsed time (softime_plain): 0.000107387s
./softmax_auto 10000 
# elapsed time (softime_auto): 6.1294e-05s
./softmax_avx 10000 
# elapsed time (softime_avx): 2.8269e-05s
----------- running K = 100000
./softmax_plain 100000
# elapsed time (softime_plain): 0.00112157s
./softmax_auto 100000 
# elapsed time (softime_auto): 0.000387074s
./softmax_avx 100000 
# elapsed time (softime_avx): 0.000300953s
----------- running K = 1000000
./softmax_plain 1000000
# elapsed time (softime_plain): 0.0109355s
./softmax_auto 1000000 
# elapsed time (softime_auto): 0.00391579s
./softmax_avx 1000000 
# elapsed time (softime_avx): 0.00266696s
----------- running K = 10000000
./softmax_plain 10000000
# elapsed time (softime_plain): 0.104745s
./softmax_auto 10000000 
# elapsed time (softime_auto): 0.0424788s
./softmax_avx 10000000 
# elapsed time (softime_avx): 0.030831s
----------- running K = 100000000
./softmax_plain 100000000
# elapsed time (softime_plain): 1.04676s
./softmax_auto 100000000 
# elapsed time (softime_auto): 0.418115s
./softmax_avx 100000000 
# elapsed time (softime_avx): 0.305074s
----------- running K = 1000000000
./softmax_plain 1000000000
# elapsed time (softime_plain): 10.4801s
./softmax_auto 1000000000 
# elapsed time (softime_auto): 4.14868s
./softmax_avx 1000000000 
# elapsed time (softime_avx): 3.00917s
----------- running K = 10000000000
./softmax_plain 10000000000
# elapsed time (softime_plain): 108.224s
./softmax_auto 10000000000 
# elapsed time (softime_auto): 42.9432s
./softmax_avx 10000000000 
# elapsed time (softime_avx): 31.2422s
rm -fr *.o *~
rm -fr softmax_auto softmax_avx softmax_plain
